control_medico@jbadip02> start m03-ej01.sql
Enter value for 1: traceonly
conectando como control_medico
Connected.

Index created.


Index created.


Index created.


Index created.

Configurando autotrace 'set autotrace '
=============== unique index scan


Execution Plan
----------------------------------------------------------
Plan hash value: 3341724136

-------------------------------------------------------------------------------------------
| Id  | Operation                   | Name        | Rows  | Bytes | Cost (%CPU)| Time     |
-------------------------------------------------------------------------------------------
|   0 | SELECT STATEMENT            |             |     1 |   773 |     2   (0)| 00:00:01 |
|   1 |  TABLE ACCESS BY INDEX ROWID| PACIENTE    |     1 |   773 |     2   (0)| 00:00:01 |
|*  2 |   INDEX UNIQUE SCAN         | PACIENTE_PK |     1 |       |     1   (0)| 00:00:01 |
-------------------------------------------------------------------------------------------

Predicate Information (identified by operation id):
---------------------------------------------------

   2 - access("PACIENTE_ID"=2)


Statistics
----------------------------------------------------------
          1  recursive calls
          0  db block gets
          3  consistent gets
          0  physical reads
          0  redo size
       1488  bytes sent via SQL*Net to client
        395  bytes received via SQL*Net from client
          1  SQL*Net roundtrips to/from client
          0  sorts (memory)
          0  sorts (disk)
          1  rows processed

=============== range index scan


Execution Plan
----------------------------------------------------------
Plan hash value: 2503382986

---------------------------------------------------------------------------------------------------
| Id  | Operation                           | Name        | Rows  | Bytes | Cost (%CPU)| Time     |
---------------------------------------------------------------------------------------------------
|   0 | SELECT STATEMENT                    |             |     3 |  2319 |     3   (0)| 00:00:01 |
|   1 |  TABLE ACCESS BY INDEX ROWID BATCHED| PACIENTE    |     3 |  2319 |     3   (0)| 00:00:01 |
|*  2 |   INDEX RANGE SCAN                  | PACIENTE_PK |     3 |       |     2   (0)| 00:00:01 |
---------------------------------------------------------------------------------------------------

Predicate Information (identified by operation id):
---------------------------------------------------

   2 - access("PACIENTE_ID">2 AND "PACIENTE_ID"<5)


Statistics
----------------------------------------------------------
          1  recursive calls
          0  db block gets
          5  consistent gets
          0  physical reads
          0  redo size
       2977  bytes sent via SQL*Net to client
        426  bytes received via SQL*Net from client
          2  SQL*Net roundtrips to/from client
          0  sorts (memory)
          0  sorts (disk)
          2  rows processed

=============== full index scan

15000 rows selected.


Execution Plan
----------------------------------------------------------
Plan hash value: 2946072448

--------------------------------------------------------------------------------------------
| Id  | Operation             | Name               | Rows  | Bytes | Cost (%CPU)| Time     |
--------------------------------------------------------------------------------------------
|   0 | SELECT STATEMENT      |                    | 15000 |   102K|    13   (8)| 00:00:01 |
|   1 |  SORT ORDER BY        |                    | 15000 |   102K|    13   (8)| 00:00:01 |
|   2 |   INDEX FAST FULL SCAN| PACIENTE_NOMBRE_IX | 15000 |   102K|    12   (0)| 00:00:01 |
--------------------------------------------------------------------------------------------


Statistics
----------------------------------------------------------
          1  recursive calls
          0  db block gets
         44  consistent gets
         38  physical reads
          0  redo size
     267754  bytes sent via SQL*Net to client
      11395  bytes received via SQL*Net from client
       1001  SQL*Net roundtrips to/from client
          1  sorts (memory)
          0  sorts (disk)
      15000  rows processed

===============  Index skip Scan

11 rows selected.


Execution Plan
----------------------------------------------------------
Plan hash value: 3192525490

-------------------------------------------------------------------------------------------------------------------------------------
| Id  | Operation                           | Name                                          | Rows  | Bytes | Cost (%CPU)| Time     |
-------------------------------------------------------------------------------------------------------------------------------------
|   0 | SELECT STATEMENT                    |                                               |     2 |  1090 |    20   (0)| 00:00:01 |
|   1 |  TABLE ACCESS BY INDEX ROWID BATCHED| MEDICAMENTO                                   |     2 |  1090 |    20   (0)| 00:00:01 |
|*  2 |   INDEX SKIP SCAN                   | MEDICAMENTO_UNIDADES_ENVASE_CONCENTRACION_IDX |     2 |       |    17   (0)| 00:00:01 |
-------------------------------------------------------------------------------------------------------------------------------------

Predicate Information (identified by operation id):
---------------------------------------------------

   2 - access("CONCENTRACION"='600 mg')
       filter("CONCENTRACION"='600 mg')


Statistics
----------------------------------------------------------
          1  recursive calls
          0  db block gets
         27  consistent gets
         18  physical reads
          0  redo size
       6529  bytes sent via SQL*Net to client
        416  bytes received via SQL*Net from client
          2  SQL*Net roundtrips to/from client
          0  sorts (memory)
          0  sorts (disk)
         11  rows processed

===============     join index scan

303 rows selected.


Execution Plan
----------------------------------------------------------
Plan hash value: 3809048330

-------------------------------------------------------------------------------------------
| Id  | Operation              | Name             | Rows  | Bytes | Cost (%CPU)| Time     |
-------------------------------------------------------------------------------------------
|   0 | SELECT STATEMENT       |                  |   303 |  5454 |    19   (0)| 00:00:01 |
|*  1 |  VIEW                  | index$_join$_001 |   303 |  5454 |    19   (0)| 00:00:01 |
|*  2 |   HASH JOIN            |                  |       |       |            |          |
|*  3 |    INDEX RANGE SCAN    | MEDICO_NOMBRE_IX |   303 |  5454 |     2   (0)| 00:00:01 |
|   4 |    INDEX FAST FULL SCAN| MEDICO_CEDULA_IX |   303 |  5454 |    21   (0)| 00:00:01 |
-------------------------------------------------------------------------------------------

Predicate Information (identified by operation id):
---------------------------------------------------

   1 - filter("NOMBRE" LIKE 'D%')
   2 - access(ROWID=ROWID)
   3 - access("NOMBRE" LIKE 'D%')


Statistics
----------------------------------------------------------
          1  recursive calls
          0  db block gets
         46  consistent gets
         20  physical reads
          0  redo size
      10296  bytes sent via SQL*Net to client
        638  bytes received via SQL*Net from client
         22  SQL*Net roundtrips to/from client
          0  sorts (memory)
          0  sorts (disk)
        303  rows processed

haciendo limpieza

Index dropped.


Index dropped.


Index dropped.


Index dropped.

control_medico@jbadip02> 

****CONCLUSIONES 
****************

¿El ejercicio aportó y/o mejoró la comprensión del concepto ?
con este ejercicio se logró reforzar el tema de metodos de acceso.


Problemas identificados durante su elaboración así como la forma en la que se solucionaron
no se tuvo problemas

Comentarios, sugerencias.